<?xml version="1.0" encoding="UTF-8"?>
<!-- Generated by org.testng.reporters.JUnitXMLReporter -->
<testsuite ignored="0" hostname="LAPTOP-KDC18MEN" failures="0" tests="7" name="Default test" time="49.215" errors="0" timestamp="2022-07-23T23:45:08 IST">
  <testcase classname="com.ecommerce.testng.external.elements.radioCheck" name="checkBoxTest" time="0.102"/>
  <testcase classname="com.ecommerce.testng.external.elements.radioCheck" name="defaultcheckBoxTest" time="0.085"/>
  <testcase classname="com.ecommerce.testng.external.elements.radioCheck" name="radioButtonClickTest" time="0.102"/>
  <testcase classname="com.ecommerce.testng.external.elements.radioCheck" name="radioButtonExistTest" time="0.077"/>
  <testcase classname="com.ecommerce.testng.external.elements.radioCheck" name="radioButtonFemaleClickTest" time="0.094"/>
  <testcase classname="com.ecommerce.testng.external.elements.radioCheck" name="testSelect" time="0.793"/>
  <testcase classname="com.ecommerce.testng.external.elements.radioCheck" name="verifySelection" time="0.2"/>
</testsuite> <!-- Default test -->
