<?xml version="1.0" encoding="UTF-8"?>
<testng-results ignored="0" total="1" passed="1" failed="0" skipped="0">
  <reporter-output>
  </reporter-output>
  <suite started-at="2022-07-25T16:16:46 IST" name="Default suite" finished-at="2022-07-25T16:18:25 IST" duration-ms="98281">
    <groups>
    </groups>
    <test started-at="2022-07-25T16:16:46 IST" name="Default test" finished-at="2022-07-25T16:18:25 IST" duration-ms="98281">
      <class name="com.ecommerce.external.browser.screenshot.BrowserScreenshotTest">
        <test-method is-config="true" signature="setupDriver()[pri:0, instance:com.ecommerce.external.browser.screenshot.BrowserScreenshotTest@7d4f9aae]" started-at="2022-07-25T16:16:46 IST" name="setupDriver" finished-at="2022-07-25T16:17:36 IST" duration-ms="50058" status="PASS">
          <reporter-output>
          </reporter-output>
        </test-method> <!-- setupDriver -->
        <test-method signature="screenShotTest()[pri:0, instance:com.ecommerce.external.browser.screenshot.BrowserScreenshotTest@7d4f9aae]" started-at="2022-07-25T16:17:36 IST" name="screenShotTest" finished-at="2022-07-25T16:18:25 IST" duration-ms="48166" status="PASS">
          <reporter-output>
          </reporter-output>
        </test-method> <!-- screenShotTest -->
        <test-method is-config="true" signature="closeDriver()[pri:0, instance:com.ecommerce.external.browser.screenshot.BrowserScreenshotTest@7d4f9aae]" started-at="2022-07-25T16:18:25 IST" name="closeDriver" finished-at="2022-07-25T16:18:25 IST" duration-ms="1" status="PASS">
          <reporter-output>
          </reporter-output>
        </test-method> <!-- closeDriver -->
      </class> <!-- com.ecommerce.external.browser.screenshot.BrowserScreenshotTest -->
    </test> <!-- Default test -->
  </suite> <!-- Default suite -->
</testng-results>
