<?xml version="1.0" encoding="UTF-8"?>
<testng-results ignored="0" total="7" passed="7" failed="0" skipped="0">
  <reporter-output>
  </reporter-output>
  <suite started-at="2022-07-23T23:44:19 IST" name="Default suite" finished-at="2022-07-23T23:45:08 IST" duration-ms="49215">
    <groups>
    </groups>
    <test started-at="2022-07-23T23:44:19 IST" name="Default test" finished-at="2022-07-23T23:45:08 IST" duration-ms="49215">
      <class name="com.ecommerce.testng.external.elements.radioCheck">
        <test-method is-config="true" signature="setupDriver()[pri:0, instance:com.ecommerce.testng.external.elements.radioCheck@273e7444]" started-at="2022-07-23T23:44:19 IST" name="setupDriver" finished-at="2022-07-23T23:44:37 IST" duration-ms="17597" status="PASS">
          <reporter-output>
          </reporter-output>
        </test-method> <!-- setupDriver -->
        <test-method signature="checkBoxTest()[pri:0, instance:com.ecommerce.testng.external.elements.radioCheck@273e7444]" started-at="2022-07-23T23:44:37 IST" name="checkBoxTest" finished-at="2022-07-23T23:44:37 IST" duration-ms="102" status="PASS">
          <reporter-output>
          </reporter-output>
        </test-method> <!-- checkBoxTest -->
        <test-method is-config="true" signature="afterMethod()[pri:0, instance:com.ecommerce.testng.external.elements.radioCheck@273e7444]" started-at="2022-07-23T23:44:37 IST" name="afterMethod" finished-at="2022-07-23T23:44:37 IST" duration-ms="259" status="PASS">
          <reporter-output>
          </reporter-output>
        </test-method> <!-- afterMethod -->
        <test-method is-config="true" signature="setupDriver()[pri:0, instance:com.ecommerce.testng.external.elements.radioCheck@273e7444]" started-at="2022-07-23T23:44:37 IST" name="setupDriver" finished-at="2022-07-23T23:44:43 IST" duration-ms="5676" status="PASS">
          <reporter-output>
          </reporter-output>
        </test-method> <!-- setupDriver -->
        <test-method signature="defaultcheckBoxTest()[pri:0, instance:com.ecommerce.testng.external.elements.radioCheck@273e7444]" started-at="2022-07-23T23:44:43 IST" name="defaultcheckBoxTest" finished-at="2022-07-23T23:44:43 IST" duration-ms="85" status="PASS">
          <reporter-output>
          </reporter-output>
        </test-method> <!-- defaultcheckBoxTest -->
        <test-method is-config="true" signature="afterMethod()[pri:0, instance:com.ecommerce.testng.external.elements.radioCheck@273e7444]" started-at="2022-07-23T23:44:43 IST" name="afterMethod" finished-at="2022-07-23T23:44:43 IST" duration-ms="87" status="PASS">
          <reporter-output>
          </reporter-output>
        </test-method> <!-- afterMethod -->
        <test-method is-config="true" signature="setupDriver()[pri:0, instance:com.ecommerce.testng.external.elements.radioCheck@273e7444]" started-at="2022-07-23T23:44:43 IST" name="setupDriver" finished-at="2022-07-23T23:44:48 IST" duration-ms="5310" status="PASS">
          <reporter-output>
          </reporter-output>
        </test-method> <!-- setupDriver -->
        <test-method signature="radioButtonClickTest()[pri:0, instance:com.ecommerce.testng.external.elements.radioCheck@273e7444]" started-at="2022-07-23T23:44:48 IST" name="radioButtonClickTest" finished-at="2022-07-23T23:44:48 IST" duration-ms="102" status="PASS">
          <reporter-output>
          </reporter-output>
        </test-method> <!-- radioButtonClickTest -->
        <test-method is-config="true" signature="afterMethod()[pri:0, instance:com.ecommerce.testng.external.elements.radioCheck@273e7444]" started-at="2022-07-23T23:44:48 IST" name="afterMethod" finished-at="2022-07-23T23:44:49 IST" duration-ms="217" status="PASS">
          <reporter-output>
          </reporter-output>
        </test-method> <!-- afterMethod -->
        <test-method is-config="true" signature="setupDriver()[pri:0, instance:com.ecommerce.testng.external.elements.radioCheck@273e7444]" started-at="2022-07-23T23:44:49 IST" name="setupDriver" finished-at="2022-07-23T23:44:54 IST" duration-ms="5253" status="PASS">
          <reporter-output>
          </reporter-output>
        </test-method> <!-- setupDriver -->
        <test-method signature="radioButtonExistTest()[pri:0, instance:com.ecommerce.testng.external.elements.radioCheck@273e7444]" started-at="2022-07-23T23:44:54 IST" name="radioButtonExistTest" finished-at="2022-07-23T23:44:54 IST" duration-ms="77" status="PASS">
          <reporter-output>
          </reporter-output>
        </test-method> <!-- radioButtonExistTest -->
        <test-method is-config="true" signature="afterMethod()[pri:0, instance:com.ecommerce.testng.external.elements.radioCheck@273e7444]" started-at="2022-07-23T23:44:54 IST" name="afterMethod" finished-at="2022-07-23T23:44:54 IST" duration-ms="83" status="PASS">
          <reporter-output>
          </reporter-output>
        </test-method> <!-- afterMethod -->
        <test-method is-config="true" signature="setupDriver()[pri:0, instance:com.ecommerce.testng.external.elements.radioCheck@273e7444]" started-at="2022-07-23T23:44:54 IST" name="setupDriver" finished-at="2022-07-23T23:45:00 IST" duration-ms="6449" status="PASS">
          <reporter-output>
          </reporter-output>
        </test-method> <!-- setupDriver -->
        <test-method signature="radioButtonFemaleClickTest()[pri:0, instance:com.ecommerce.testng.external.elements.radioCheck@273e7444]" started-at="2022-07-23T23:45:00 IST" name="radioButtonFemaleClickTest" finished-at="2022-07-23T23:45:01 IST" duration-ms="94" status="PASS">
          <reporter-output>
          </reporter-output>
        </test-method> <!-- radioButtonFemaleClickTest -->
        <test-method is-config="true" signature="afterMethod()[pri:0, instance:com.ecommerce.testng.external.elements.radioCheck@273e7444]" started-at="2022-07-23T23:45:01 IST" name="afterMethod" finished-at="2022-07-23T23:45:02 IST" duration-ms="947" status="PASS">
          <reporter-output>
          </reporter-output>
        </test-method> <!-- afterMethod -->
        <test-method is-config="true" signature="setupDriver()[pri:0, instance:com.ecommerce.testng.external.elements.radioCheck@273e7444]" started-at="2022-07-23T23:45:02 IST" name="setupDriver" finished-at="2022-07-23T23:45:04 IST" duration-ms="2277" status="PASS">
          <reporter-output>
          </reporter-output>
        </test-method> <!-- setupDriver -->
        <test-method signature="testSelect()[pri:0, instance:com.ecommerce.testng.external.elements.radioCheck@273e7444]" started-at="2022-07-23T23:45:04 IST" name="testSelect" finished-at="2022-07-23T23:45:05 IST" duration-ms="793" status="PASS">
          <reporter-output>
          </reporter-output>
        </test-method> <!-- testSelect -->
        <test-method is-config="true" signature="afterMethod()[pri:0, instance:com.ecommerce.testng.external.elements.radioCheck@273e7444]" started-at="2022-07-23T23:45:05 IST" name="afterMethod" finished-at="2022-07-23T23:45:05 IST" duration-ms="189" status="PASS">
          <reporter-output>
          </reporter-output>
        </test-method> <!-- afterMethod -->
        <test-method is-config="true" signature="setupDriver()[pri:0, instance:com.ecommerce.testng.external.elements.radioCheck@273e7444]" started-at="2022-07-23T23:45:05 IST" name="setupDriver" finished-at="2022-07-23T23:45:08 IST" duration-ms="3180" status="PASS">
          <reporter-output>
          </reporter-output>
        </test-method> <!-- setupDriver -->
        <test-method signature="verifySelection()[pri:0, instance:com.ecommerce.testng.external.elements.radioCheck@273e7444]" started-at="2022-07-23T23:45:08 IST" name="verifySelection" finished-at="2022-07-23T23:45:08 IST" duration-ms="200" status="PASS">
          <reporter-output>
          </reporter-output>
        </test-method> <!-- verifySelection -->
        <test-method is-config="true" signature="afterMethod()[pri:0, instance:com.ecommerce.testng.external.elements.radioCheck@273e7444]" started-at="2022-07-23T23:45:08 IST" name="afterMethod" finished-at="2022-07-23T23:45:08 IST" duration-ms="163" status="PASS">
          <reporter-output>
          </reporter-output>
        </test-method> <!-- afterMethod -->
      </class> <!-- com.ecommerce.testng.external.elements.radioCheck -->
    </test> <!-- Default test -->
  </suite> <!-- Default suite -->
</testng-results>
